android/onnowtv-livetv/app/build/intermediates/manifest_merge_blame_file/debug/processDebugMainManifest/manifest-merger-blame-debug-report.txt
1<?xml version="1.0" encoding="utf-8"?>
2<manifest xmlns:android="http://schemas.android.com/apk/res/android"
3    package="tv.onnowtv.livetv"
4    android:versionCode="1"
5    android:versionName="1.0.0" >
6
7    <uses-sdk
8        android:minSdkVersion="23"
9        android:targetSdkVersion="34" />
10
11    <uses-permission android:name="android.permission.INTERNET" />
11-->src/main/AndroidManifest.xml:5:5-67
11-->src/main/AndroidManifest.xml:5:22-64
12    <uses-permission android:name="android.permission.ACCESS_NETWORK_STATE" />
12-->src/main/AndroidManifest.xml:6:5-79
12-->src/main/AndroidManifest.xml:6:22-76
13    <uses-permission android:name="android.permission.WAKE_LOCK" />
13-->src/main/AndroidManifest.xml:7:5-68
13-->src/main/AndroidManifest.xml:7:22-65
14
15    <uses-feature
15-->src/main/AndroidManifest.xml:9:5-87
16        android:name="android.software.leanback"
16-->src/main/AndroidManifest.xml:9:19-59
17        android:required="false" />
17-->src/main/AndroidManifest.xml:9:60-84
18    <uses-feature
18-->src/main/AndroidManifest.xml:10:5-90
19        android:name="android.hardware.touchscreen"
19-->src/main/AndroidManifest.xml:10:19-62
20        android:required="false" />
20-->src/main/AndroidManifest.xml:10:63-87
21
22    <permission
22-->[androidx.core:core:1.13.1] AndroidManifest.xml:22:5-24:47
23        android:name="tv.onnowtv.livetv.DYNAMIC_RECEIVER_NOT_EXPORTED_PERMISSION"
23-->[androidx.core:core:1.13.1] AndroidManifest.xml:23:9-81
24        android:protectionLevel="signature" />
24-->[androidx.core:core:1.13.1] AndroidManifest.xml:24:9-44
25
26    <uses-permission android:name="tv.onnowtv.livetv.DYNAMIC_RECEIVER_NOT_EXPORTED_PERMISSION" />
26-->[androidx.core:core:1.13.1] AndroidManifest.xml:26:5-97
26-->[androidx.core:core:1.13.1] AndroidManifest.xml:26:22-94
27
28    <application
28-->src/main/AndroidManifest.xml:12:5-49:19
29        android:allowBackup="true"
29-->src/main/AndroidManifest.xml:13:9-35
30        android:appComponentFactory="androidx.core.app.CoreComponentFactory"
30-->[androidx.core:core:1.13.1] AndroidManifest.xml:28:18-86
31        android:banner="@mipmap/ic_launcher"
31-->src/main/AndroidManifest.xml:20:9-45
32        android:debuggable="true"
33        android:extractNativeLibs="false"
34        android:hardwareAccelerated="true"
34-->src/main/AndroidManifest.xml:14:9-43
35        android:icon="@mipmap/ic_launcher"
35-->src/main/AndroidManifest.xml:15:9-43
36        android:label="@string/app_name"
36-->src/main/AndroidManifest.xml:16:9-41
37        android:supportsRtl="true"
37-->src/main/AndroidManifest.xml:17:9-35
38        android:theme="@style/Theme.OnNowLiveTV"
38-->src/main/AndroidManifest.xml:19:9-49
39        android:usesCleartextTraffic="false" >
39-->src/main/AndroidManifest.xml:18:9-45
40        <activity
40-->src/main/AndroidManifest.xml:23:9-34:20
41            android:name="tv.onnowtv.livetv.MainActivity"
41-->src/main/AndroidManifest.xml:24:13-41
42            android:configChanges="orientation|screenSize|keyboardHidden|layoutDirection|locale"
42-->src/main/AndroidManifest.xml:26:13-97
43            android:exported="true"
43-->src/main/AndroidManifest.xml:25:13-36
44            android:launchMode="singleTask"
44-->src/main/AndroidManifest.xml:27:13-44
45            android:theme="@style/Theme.OnNowLiveTV.Splash" >
45-->src/main/AndroidManifest.xml:28:13-60
46            <intent-filter>
46-->src/main/AndroidManifest.xml:29:13-33:29
47                <action android:name="android.intent.action.MAIN" />
47-->src/main/AndroidManifest.xml:30:17-69
47-->src/main/AndroidManifest.xml:30:25-66
48
49                <category android:name="android.intent.category.LAUNCHER" />
49-->src/main/AndroidManifest.xml:31:17-77
49-->src/main/AndroidManifest.xml:31:27-74
50                <category android:name="android.intent.category.LEANBACK_LAUNCHER" />
50-->src/main/AndroidManifest.xml:32:17-86
50-->src/main/AndroidManifest.xml:32:27-83
51            </intent-filter>
52        </activity>
53        <activity
53-->src/main/AndroidManifest.xml:36:9-41:68
54            android:name="tv.onnowtv.livetv.EpgActivity"
54-->src/main/AndroidManifest.xml:37:13-40
55            android:configChanges="orientation|screenSize|keyboardHidden|layoutDirection|locale"
55-->src/main/AndroidManifest.xml:39:13-97
56            android:exported="false"
56-->src/main/AndroidManifest.xml:38:13-37
57            android:launchMode="singleTask"
57-->src/main/AndroidManifest.xml:40:13-44
58            android:theme="@style/Theme.OnNowLiveTV.NoActionBar" />
58-->src/main/AndroidManifest.xml:41:13-65
59        <activity
59-->src/main/AndroidManifest.xml:43:9-48:68
60            android:name="tv.onnowtv.livetv.PlayerActivity"
60-->src/main/AndroidManifest.xml:44:13-43
61            android:configChanges="orientation|screenSize|keyboardHidden|layoutDirection|locale|smallestScreenSize|screenLayout|uiMode"
61-->src/main/AndroidManifest.xml:46:13-136
62            android:exported="false"
62-->src/main/AndroidManifest.xml:45:13-37
63            android:launchMode="singleTask"
63-->src/main/AndroidManifest.xml:47:13-44
64            android:theme="@style/Theme.OnNowLiveTV.NoActionBar" />
64-->src/main/AndroidManifest.xml:48:13-65
65
66        <provider
66-->[androidx.emoji2:emoji2:1.3.0] AndroidManifest.xml:24:9-32:20
67            android:name="androidx.startup.InitializationProvider"
67-->[androidx.emoji2:emoji2:1.3.0] AndroidManifest.xml:25:13-67
68            android:authorities="tv.onnowtv.livetv.androidx-startup"
68-->[androidx.emoji2:emoji2:1.3.0] AndroidManifest.xml:26:13-68
69            android:exported="false" >
69-->[androidx.emoji2:emoji2:1.3.0] AndroidManifest.xml:27:13-37
70            <meta-data
70-->[androidx.emoji2:emoji2:1.3.0] AndroidManifest.xml:29:13-31:52
71                android:name="androidx.emoji2.text.EmojiCompatInitializer"
71-->[androidx.emoji2:emoji2:1.3.0] AndroidManifest.xml:30:17-75
72                android:value="androidx.startup" />
72-->[androidx.emoji2:emoji2:1.3.0] AndroidManifest.xml:31:17-49
73            <meta-data
73-->[androidx.lifecycle:lifecycle-process:2.7.0] AndroidManifest.xml:29:13-31:52
74                android:name="androidx.lifecycle.ProcessLifecycleInitializer"
74-->[androidx.lifecycle:lifecycle-process:2.7.0] AndroidManifest.xml:30:17-78
75                android:value="androidx.startup" />
75-->[androidx.lifecycle:lifecycle-process:2.7.0] AndroidManifest.xml:31:17-49
76            <meta-data
76-->[androidx.profileinstaller:profileinstaller:1.3.1] AndroidManifest.xml:29:13-31:52
77                android:name="androidx.profileinstaller.ProfileInstallerInitializer"
77-->[androidx.profileinstaller:profileinstaller:1.3.1] AndroidManifest.xml:30:17-85
78                android:value="androidx.startup" />
78-->[androidx.profileinstaller:profileinstaller:1.3.1] AndroidManifest.xml:31:17-49
79        </provider>
80
81        <receiver
81-->[androidx.profileinstaller:profileinstaller:1.3.1] AndroidManifest.xml:34:9-52:20
82            android:name="androidx.profileinstaller.ProfileInstallReceiver"
82-->[androidx.profileinstaller:profileinstaller:1.3.1] AndroidManifest.xml:35:13-76
83            android:directBootAware="false"
83-->[androidx.profileinstaller:profileinstaller:1.3.1] AndroidManifest.xml:36:13-44
84            android:enabled="true"
84-->[androidx.profileinstaller:profileinstaller:1.3.1] AndroidManifest.xml:37:13-35
85            android:exported="true"
85-->[androidx.profileinstaller:profileinstaller:1.3.1] AndroidManifest.xml:38:13-36
86            android:permission="android.permission.DUMP" >
86-->[androidx.profileinstaller:profileinstaller:1.3.1] AndroidManifest.xml:39:13-57
87            <intent-filter>
87-->[androidx.profileinstaller:profileinstaller:1.3.1] AndroidManifest.xml:40:13-42:29
88                <action android:name="androidx.profileinstaller.action.INSTALL_PROFILE" />
88-->[androidx.profileinstaller:profileinstaller:1.3.1] AndroidManifest.xml:41:17-91
88-->[androidx.profileinstaller:profileinstaller:1.3.1] AndroidManifest.xml:41:25-88
89            </intent-filter>
90            <intent-filter>
90-->[androidx.profileinstaller:profileinstaller:1.3.1] AndroidManifest.xml:43:13-45:29
91                <action android:name="androidx.profileinstaller.action.SKIP_FILE" />
91-->[androidx.profileinstaller:profileinstaller:1.3.1] AndroidManifest.xml:44:17-85
91-->[androidx.profileinstaller:profileinstaller:1.3.1] AndroidManifest.xml:44:25-82
92            </intent-filter>
93            <intent-filter>
93-->[androidx.profileinstaller:profileinstaller:1.3.1] AndroidManifest.xml:46:13-48:29
94                <action android:name="androidx.profileinstaller.action.SAVE_PROFILE" />
94-->[androidx.profileinstaller:profileinstaller:1.3.1] AndroidManifest.xml:47:17-88
94-->[androidx.profileinstaller:profileinstaller:1.3.1] AndroidManifest.xml:47:25-85
95            </intent-filter>
96            <intent-filter>
96-->[androidx.profileinstaller:profileinstaller:1.3.1] AndroidManifest.xml:49:13-51:29
97                <action android:name="androidx.profileinstaller.action.BENCHMARK_OPERATION" />
97-->[androidx.profileinstaller:profileinstaller:1.3.1] AndroidManifest.xml:50:17-95
97-->[androidx.profileinstaller:profileinstaller:1.3.1] AndroidManifest.xml:50:25-92
98            </intent-filter>
99        </receiver>
100    </application>
101
102</manifest>